<?xml version="1.0" encoding="UTF-8"?>
<!-- Generated by org.testng.reporters.JUnitXMLReporter -->
<testsuite hostname="DESKTOP-70HCGNO" ignored="1" name="E2E Framework Design" tests="4" failures="0" timestamp="08 Dec 2020 17:51:37 GMT" time="18.527" errors="0">
  <testcase name="loginTest" time="11.336" classname="com.example.Testcases.TC_Login_001"/>
  <testcase name="testCase2" time="0.001" classname="com.example.Testcases.TC_Login_001"/>
  <testcase name="testCase3" time="0.001" classname="com.example.Testcases.TC_Login_001"/>
  <testcase name="testCase4" time="0.0" classname="com.example.Testcases.TC_Login_001"/>
  <testcase name="testCase5" time="0.0" classname="com.example.Testcases.TC_Login_001">
    <ignored/>
  </testcase> <!-- testCase5 -->
</testsuite> <!-- E2E Framework Design -->
