<?xml version="1.0" encoding="UTF-8"?>
<testng-results skipped="0" failed="0" ignored="1" total="5" passed="4">
  <reporter-output>
  </reporter-output>
  <suite name="E2E Example" duration-ms="18527" started-at="2020-12-08T17:51:18Z" finished-at="2020-12-08T17:51:37Z">
    <groups>
    </groups>
    <test name="E2E Framework Design" duration-ms="18527" started-at="2020-12-08T17:51:18Z" finished-at="2020-12-08T17:51:37Z">
      <class name="com.example.Testcases.TC_Login_001">
        <test-method status="PASS" signature="setup(java.lang.String)[pri:0, instance:com.example.Testcases.TC_Login_001@180bc464]" name="setup" is-config="true" duration-ms="5941" started-at="2020-12-08T17:51:18Z" finished-at="2020-12-08T17:51:24Z">
          <params>
            <param index="0">
              <value>
                <![CDATA[chrome]]>
              </value>
            </param>
          </params>
          <reporter-output>
          </reporter-output>
        </test-method> <!-- setup -->
        <test-method status="PASS" signature="loginTest()[pri:0, instance:com.example.Testcases.TC_Login_001@180bc464]" name="loginTest" duration-ms="11336" started-at="2020-12-08T17:51:24Z" finished-at="2020-12-08T17:51:36Z">
          <reporter-output>
          </reporter-output>
        </test-method> <!-- loginTest -->
        <test-method status="PASS" signature="testCase2()[pri:0, instance:com.example.Testcases.TC_Login_001@180bc464]" name="testCase2" duration-ms="1" started-at="2020-12-08T17:51:36Z" finished-at="2020-12-08T17:51:36Z">
          <reporter-output>
          </reporter-output>
        </test-method> <!-- testCase2 -->
        <test-method status="PASS" signature="testCase3()[pri:0, instance:com.example.Testcases.TC_Login_001@180bc464]" name="testCase3" duration-ms="1" started-at="2020-12-08T17:51:36Z" finished-at="2020-12-08T17:51:36Z">
          <reporter-output>
          </reporter-output>
        </test-method> <!-- testCase3 -->
        <test-method status="PASS" signature="testCase4()[pri:0, instance:com.example.Testcases.TC_Login_001@180bc464]" name="testCase4" duration-ms="0" started-at="2020-12-08T17:51:36Z" finished-at="2020-12-08T17:51:36Z">
          <reporter-output>
          </reporter-output>
        </test-method> <!-- testCase4 -->
        <test-method status="PASS" signature="teardown()[pri:0, instance:com.example.Testcases.TC_Login_001@180bc464]" name="teardown" is-config="true" duration-ms="903" started-at="2020-12-08T17:51:36Z" finished-at="2020-12-08T17:51:37Z">
          <reporter-output>
          </reporter-output>
        </test-method> <!-- teardown -->
      </class> <!-- com.example.Testcases.TC_Login_001 -->
    </test> <!-- E2E Framework Design -->
  </suite> <!-- E2E Example -->
</testng-results>
